TN:
SF:csv.js
FN:6,(anonymous_0)
FN:59,(anonymous_1)
FN:136,(anonymous_2)
FN:137,(anonymous_3)
FN:153,(anonymous_4)
FN:159,(anonymous_5)
FN:174,(anonymous_6)
FN:187,(anonymous_7)
FN:242,(anonymous_8)
FN:254,(anonymous_9)
FN:261,(anonymous_10)
FN:274,(anonymous_11)
FN:282,(anonymous_12)
FN:295,(anonymous_13)
FN:306,(anonymous_14)
FN:317,(anonymous_15)
FN:331,(anonymous_16)
FN:342,(anonymous_17)
FN:355,(anonymous_18)
FN:364,buildCsvStringMatcher
FN:365,makeCsvStringMatcher
FN:366,csvStringMatcher
FNF:22
FNH:20
FNDA:137,(anonymous_0)
FNDA:0,(anonymous_1)
FNDA:137,(anonymous_2)
FNDA:215,(anonymous_3)
FNDA:207,(anonymous_4)
FNDA:137,(anonymous_5)
FNDA:137,(anonymous_6)
FNDA:455,(anonymous_7)
FNDA:137,(anonymous_8)
FNDA:137,(anonymous_9)
FNDA:30,(anonymous_10)
FNDA:13,(anonymous_11)
FNDA:137,(anonymous_12)
FNDA:137,(anonymous_13)
FNDA:25,(anonymous_14)
FNDA:59,(anonymous_15)
FNDA:52,(anonymous_16)
FNDA:0,(anonymous_17)
FNDA:68,(anonymous_18)
FNDA:132,buildCsvStringMatcher
FNDA:396,makeCsvStringMatcher
FNDA:1471,csvStringMatcher
DA:3,1
DA:4,1
DA:6,1
DA:9,137
DA:10,137
DA:11,137
DA:13,137
DA:14,137
DA:15,137
DA:16,137
DA:17,137
DA:18,137
DA:20,137
DA:21,134
DA:23,132
DA:31,134
DA:37,3
DA:39,0
DA:47,3
DA:48,3
DA:49,3
DA:50,3
DA:51,3
DA:56,137
DA:57,1
DA:58,1
DA:59,1
DA:60,0
DA:61,0
DA:64,0
DA:68,137
DA:69,137
DA:71,134
DA:80,137
DA:81,8
DA:84,137
DA:86,137
DA:133,137
DA:134,137
DA:136,137
DA:137,137
DA:138,215
DA:139,215
DA:140,215
DA:154,207
DA:156,137
DA:159,137
DA:160,137
DA:174,137
DA:175,137
DA:189,455
DA:191,455
DA:192,106
DA:196,349
DA:198,349
DA:199,136
DA:200,136
DA:201,136
DA:202,134
DA:203,2
DA:204,2
DA:209,132
DA:210,132
DA:211,230
DA:214,132
DA:217,134
DA:218,12
DA:219,12
DA:222,134
DA:226,213
DA:227,537
DA:231,347
DA:232,3
DA:235,344
DA:238,453
DA:240,137
DA:242,137
DA:243,137
DA:254,137
DA:255,137
DA:262,30
DA:263,30
DA:274,13
DA:282,137
DA:283,137
DA:295,137
DA:296,137
DA:308,25
DA:309,25
DA:319,59
DA:320,59
DA:333,52
DA:334,52
DA:343,0
DA:344,0
DA:345,0
DA:356,68
DA:360,1
DA:365,132
DA:366,396
DA:367,1471
DA:368,1471
DA:369,1471
DA:370,1471
DA:371,1471
DA:372,102
DA:373,102
DA:374,102
DA:375,102
DA:376,102
DA:377,102
DA:379,102
DA:380,291
DA:381,291
DA:383,291
DA:384,148
DA:385,148
DA:386,148
DA:387,47
DA:390,101
DA:395,143
DA:397,143
DA:398,143
DA:399,143
DA:400,263
DA:401,263
DA:403,143
DA:404,143
DA:405,28
DA:406,22
DA:408,28
DA:409,28
DA:411,115
DA:412,0
DA:413,0
DA:414,0
DA:417,115
DA:418,115
DA:422,102
DA:423,1
DA:424,1
DA:426,101
DA:429,101
DA:430,101
DA:431,101
DA:432,101
DA:437,1
DA:439,1
LF:148
LH:138
BRDA:17,0,0,0
BRDA:17,0,1,137
BRDA:17,1,0,137
BRDA:17,1,1,137
BRDA:20,2,0,134
BRDA:20,2,1,3
BRDA:21,3,0,132
BRDA:21,3,1,2
BRDA:37,4,0,0
BRDA:37,4,1,3
BRDA:47,5,0,3
BRDA:47,5,1,0
BRDA:48,6,0,3
BRDA:48,6,1,0
BRDA:49,7,0,3
BRDA:49,7,1,0
BRDA:50,8,0,3
BRDA:50,8,1,0
BRDA:56,9,0,1
BRDA:56,9,1,136
BRDA:69,10,0,134
BRDA:69,10,1,3
BRDA:80,11,0,8
BRDA:80,11,1,129
BRDA:97,12,0,134
BRDA:97,12,1,3
BRDA:116,13,0,136
BRDA:116,13,1,1
BRDA:119,14,0,136
BRDA:119,14,1,1
BRDA:139,15,0,215
BRDA:139,15,1,1
BRDA:147,16,0,129
BRDA:147,16,1,8
BRDA:154,17,0,207
BRDA:154,17,1,1
BRDA:185,18,0,8
BRDA:185,18,1,129
BRDA:189,19,0,455
BRDA:189,19,1,312
BRDA:191,20,0,106
BRDA:191,20,1,349
BRDA:191,21,0,455
BRDA:191,21,1,200
BRDA:192,22,0,0
BRDA:192,22,1,106
BRDA:196,23,0,349
BRDA:196,23,1,0
BRDA:198,24,0,136
BRDA:198,24,1,213
BRDA:201,25,0,134
BRDA:201,25,1,2
BRDA:202,26,0,2
BRDA:202,26,1,132
BRDA:203,27,0,2
BRDA:203,27,1,0
BRDA:204,28,0,1
BRDA:204,28,1,1
BRDA:212,29,0,6
BRDA:212,29,1,224
BRDA:220,30,0,0
BRDA:220,30,1,12
BRDA:228,31,0,0
BRDA:228,31,1,537
BRDA:231,32,0,3
BRDA:231,32,1,344
BRDA:308,33,0,25
BRDA:308,33,1,0
BRDA:309,34,0,25
BRDA:309,34,1,0
BRDA:319,35,0,41
BRDA:319,35,1,18
BRDA:321,36,0,41
BRDA:321,36,1,18
BRDA:322,37,0,41
BRDA:322,37,1,18
BRDA:322,38,0,59
BRDA:322,38,1,41
BRDA:333,39,0,2
BRDA:333,39,1,50
BRDA:335,40,0,2
BRDA:335,40,1,50
BRDA:335,41,0,23
BRDA:335,41,1,29
BRDA:343,42,0,0
BRDA:343,42,1,0
BRDA:344,43,0,0
BRDA:344,43,1,0
BRDA:346,44,0,0
BRDA:346,44,1,0
BRDA:346,45,0,0
BRDA:346,45,1,0
BRDA:349,46,0,134
BRDA:349,46,1,3
BRDA:356,47,0,68
BRDA:356,47,1,0
BRDA:371,48,0,102
BRDA:371,48,1,1369
BRDA:383,49,0,148
BRDA:383,49,1,143
BRDA:386,50,0,47
BRDA:386,50,1,101
BRDA:399,51,0,406
BRDA:399,51,1,405
BRDA:399,51,2,377
BRDA:404,52,0,28
BRDA:404,52,1,115
BRDA:405,53,0,22
BRDA:405,53,1,6
BRDA:411,54,0,0
BRDA:411,54,1,115
BRDA:422,55,0,1
BRDA:422,55,1,101
BRDA:422,56,0,102
BRDA:422,56,1,101
BRF:115
BRH:92
end_of_record
TN:
SF:test/csv-fixtures.js
FN:381,(anonymous_0)
FN:400,(anonymous_1)
FN:647,(anonymous_2)
FN:661,(anonymous_3)
FNF:4
FNH:4
FNDA:1,(anonymous_0)
FNDA:1,(anonymous_1)
FNDA:1,(anonymous_2)
FNDA:1,(anonymous_3)
DA:4,1
DA:5,1
DA:7,1
DA:382,1
DA:401,1
DA:648,1
DA:662,1
LF:7
LH:7
BRF:0
BRH:0
end_of_record
