TN:
SF:csv.js
FN:6,(anonymous_0)
FN:55,(anonymous_1)
FN:132,(anonymous_2)
FN:133,(anonymous_3)
FN:149,(anonymous_4)
FN:155,(anonymous_5)
FN:170,(anonymous_6)
FN:183,(anonymous_7)
FN:238,(anonymous_8)
FN:250,(anonymous_9)
FN:257,(anonymous_10)
FN:270,(anonymous_11)
FN:278,(anonymous_12)
FN:291,(anonymous_13)
FN:302,(anonymous_14)
FN:313,(anonymous_15)
FN:327,(anonymous_16)
FN:338,(anonymous_17)
FN:351,(anonymous_18)
FN:360,buildCsvStringMatcher
FN:361,makeCsvStringMatcher
FN:362,csvStringMatcher
FNF:22
FNH:20
FNDA:137,(anonymous_0)
FNDA:0,(anonymous_1)
FNDA:137,(anonymous_2)
FNDA:215,(anonymous_3)
FNDA:207,(anonymous_4)
FNDA:137,(anonymous_5)
FNDA:137,(anonymous_6)
FNDA:455,(anonymous_7)
FNDA:137,(anonymous_8)
FNDA:137,(anonymous_9)
FNDA:30,(anonymous_10)
FNDA:13,(anonymous_11)
FNDA:137,(anonymous_12)
FNDA:137,(anonymous_13)
FNDA:25,(anonymous_14)
FNDA:59,(anonymous_15)
FNDA:52,(anonymous_16)
FNDA:0,(anonymous_17)
FNDA:68,(anonymous_18)
FNDA:132,buildCsvStringMatcher
FNDA:396,makeCsvStringMatcher
FNDA:1471,csvStringMatcher
DA:3,1
DA:4,1
DA:6,1
DA:9,137
DA:10,137
DA:11,137
DA:13,137
DA:14,137
DA:15,137
DA:16,137
DA:17,137
DA:18,137
DA:20,137
DA:21,134
DA:23,132
DA:29,134
DA:35,3
DA:37,0
DA:43,3
DA:44,3
DA:45,3
DA:46,3
DA:47,3
DA:52,137
DA:53,1
DA:54,1
DA:55,1
DA:56,0
DA:57,0
DA:60,0
DA:64,137
DA:65,137
DA:67,134
DA:76,137
DA:77,8
DA:80,137
DA:82,137
DA:129,137
DA:130,137
DA:132,137
DA:133,137
DA:134,215
DA:135,215
DA:136,215
DA:150,207
DA:152,137
DA:155,137
DA:156,137
DA:170,137
DA:171,137
DA:185,455
DA:187,455
DA:188,106
DA:192,349
DA:194,349
DA:195,136
DA:196,136
DA:197,136
DA:198,134
DA:199,2
DA:200,2
DA:205,132
DA:206,132
DA:207,230
DA:210,132
DA:213,134
DA:214,12
DA:215,12
DA:218,134
DA:222,213
DA:223,537
DA:227,347
DA:228,3
DA:231,344
DA:234,453
DA:236,137
DA:238,137
DA:239,137
DA:250,137
DA:251,137
DA:258,30
DA:259,30
DA:270,13
DA:278,137
DA:279,137
DA:291,137
DA:292,137
DA:304,25
DA:305,25
DA:315,59
DA:316,59
DA:329,52
DA:330,52
DA:339,0
DA:340,0
DA:341,0
DA:352,68
DA:356,1
DA:361,132
DA:362,396
DA:363,1471
DA:364,1471
DA:365,1471
DA:366,1471
DA:367,1471
DA:368,102
DA:369,102
DA:370,102
DA:371,102
DA:372,102
DA:373,102
DA:375,102
DA:376,291
DA:377,291
DA:379,291
DA:380,148
DA:381,148
DA:382,148
DA:383,47
DA:386,101
DA:391,143
DA:393,143
DA:394,143
DA:395,143
DA:396,263
DA:397,263
DA:399,143
DA:400,143
DA:401,28
DA:402,22
DA:404,28
DA:405,28
DA:407,115
DA:408,0
DA:409,0
DA:410,0
DA:413,115
DA:414,115
DA:418,102
DA:419,1
DA:420,1
DA:422,101
DA:425,101
DA:426,101
DA:427,101
DA:428,101
DA:433,1
DA:435,1
LF:148
LH:138
BRDA:17,0,0,0
BRDA:17,0,1,137
BRDA:17,1,0,137
BRDA:17,1,1,137
BRDA:20,2,0,134
BRDA:20,2,1,3
BRDA:21,3,0,132
BRDA:21,3,1,2
BRDA:35,4,0,0
BRDA:35,4,1,3
BRDA:43,5,0,3
BRDA:43,5,1,0
BRDA:44,6,0,3
BRDA:44,6,1,0
BRDA:45,7,0,3
BRDA:45,7,1,0
BRDA:46,8,0,3
BRDA:46,8,1,0
BRDA:52,9,0,1
BRDA:52,9,1,136
BRDA:65,10,0,134
BRDA:65,10,1,3
BRDA:76,11,0,8
BRDA:76,11,1,129
BRDA:93,12,0,134
BRDA:93,12,1,3
BRDA:112,13,0,136
BRDA:112,13,1,1
BRDA:115,14,0,136
BRDA:115,14,1,1
BRDA:135,15,0,215
BRDA:135,15,1,1
BRDA:143,16,0,129
BRDA:143,16,1,8
BRDA:150,17,0,207
BRDA:150,17,1,1
BRDA:181,18,0,8
BRDA:181,18,1,129
BRDA:185,19,0,455
BRDA:185,19,1,312
BRDA:187,20,0,106
BRDA:187,20,1,349
BRDA:187,21,0,455
BRDA:187,21,1,200
BRDA:188,22,0,0
BRDA:188,22,1,106
BRDA:192,23,0,349
BRDA:192,23,1,0
BRDA:194,24,0,136
BRDA:194,24,1,213
BRDA:197,25,0,134
BRDA:197,25,1,2
BRDA:198,26,0,2
BRDA:198,26,1,132
BRDA:199,27,0,2
BRDA:199,27,1,0
BRDA:200,28,0,1
BRDA:200,28,1,1
BRDA:208,29,0,6
BRDA:208,29,1,224
BRDA:216,30,0,0
BRDA:216,30,1,12
BRDA:224,31,0,0
BRDA:224,31,1,537
BRDA:227,32,0,3
BRDA:227,32,1,344
BRDA:304,33,0,25
BRDA:304,33,1,0
BRDA:305,34,0,25
BRDA:305,34,1,0
BRDA:315,35,0,41
BRDA:315,35,1,18
BRDA:317,36,0,41
BRDA:317,36,1,18
BRDA:318,37,0,41
BRDA:318,37,1,18
BRDA:318,38,0,59
BRDA:318,38,1,41
BRDA:329,39,0,2
BRDA:329,39,1,50
BRDA:331,40,0,2
BRDA:331,40,1,50
BRDA:331,41,0,23
BRDA:331,41,1,29
BRDA:339,42,0,0
BRDA:339,42,1,0
BRDA:340,43,0,0
BRDA:340,43,1,0
BRDA:342,44,0,0
BRDA:342,44,1,0
BRDA:342,45,0,0
BRDA:342,45,1,0
BRDA:345,46,0,134
BRDA:345,46,1,3
BRDA:352,47,0,68
BRDA:352,47,1,0
BRDA:367,48,0,102
BRDA:367,48,1,1369
BRDA:379,49,0,148
BRDA:379,49,1,143
BRDA:382,50,0,47
BRDA:382,50,1,101
BRDA:395,51,0,406
BRDA:395,51,1,405
BRDA:395,51,2,377
BRDA:400,52,0,28
BRDA:400,52,1,115
BRDA:401,53,0,22
BRDA:401,53,1,6
BRDA:407,54,0,0
BRDA:407,54,1,115
BRDA:418,55,0,1
BRDA:418,55,1,101
BRDA:418,56,0,102
BRDA:418,56,1,101
BRF:115
BRH:92
end_of_record
TN:
SF:test/csv-fixtures.js
FN:381,(anonymous_0)
FN:400,(anonymous_1)
FN:647,(anonymous_2)
FN:661,(anonymous_3)
FNF:4
FNH:4
FNDA:1,(anonymous_0)
FNDA:1,(anonymous_1)
FNDA:1,(anonymous_2)
FNDA:1,(anonymous_3)
DA:4,1
DA:5,1
DA:7,1
DA:382,1
DA:401,1
DA:648,1
DA:662,1
LF:7
LH:7
BRF:0
BRH:0
end_of_record
